2019-11-22 13:27:14 [scrapy.utils.log] INFO: Scrapy 1.8.0 started (bot: BaiduStock)
2019-11-22 13:27:14 [scrapy.utils.log] INFO: Versions: lxml 4.4.1.0, libxml2 2.9.5, cssselect 1.1.0, parsel 1.5.2, w3lib 1.21.0, Twisted 19.10.0, Python 3.6.5 (v3.6.5:f59c0932b4, Mar 28 2018, 16:07:46) [MSC v.1900 32 bit (Intel)], pyOpenSSL 19.0.0 (OpenSSL 1.1.1d  10 Sep 2019), cryptography 2.8, Platform Windows-10-10.0.18362-SP0
2019-11-22 13:27:14 [scrapy.crawler] INFO: Overridden settings: {'BOT_NAME': 'BaiduStock', 'LOG_FILE': 'logger.log', 'LOG_LEVEL': 'INFO', 'NEWSPIDER_MODULE': 'BaiduStock.spiders', 'ROBOTSTXT_OBEY': True, 'SPIDER_MODULES': ['BaiduStock.spiders']}
2019-11-22 13:27:14 [scrapy.extensions.telnet] INFO: Telnet Password: 9271bc51558754ba
2019-11-22 13:27:15 [scrapy.middleware] INFO: Enabled extensions:
['scrapy.extensions.corestats.CoreStats',
 'scrapy.extensions.telnet.TelnetConsole',
 'scrapy.extensions.logstats.LogStats']
2019-11-22 13:27:15 [scrapy.middleware] INFO: Enabled downloader middlewares:
['scrapy.downloadermiddlewares.robotstxt.RobotsTxtMiddleware',
 'scrapy.downloadermiddlewares.httpauth.HttpAuthMiddleware',
 'scrapy.downloadermiddlewares.downloadtimeout.DownloadTimeoutMiddleware',
 'scrapy.downloadermiddlewares.defaultheaders.DefaultHeadersMiddleware',
 'scrapy.downloadermiddlewares.useragent.UserAgentMiddleware',
 'scrapy.downloadermiddlewares.retry.RetryMiddleware',
 'scrapy.downloadermiddlewares.redirect.MetaRefreshMiddleware',
 'scrapy.downloadermiddlewares.httpcompression.HttpCompressionMiddleware',
 'scrapy.downloadermiddlewares.redirect.RedirectMiddleware',
 'scrapy.downloadermiddlewares.cookies.CookiesMiddleware',
 'scrapy.downloadermiddlewares.httpproxy.HttpProxyMiddleware',
 'scrapy.downloadermiddlewares.stats.DownloaderStats']
2019-11-22 13:27:15 [scrapy.middleware] INFO: Enabled spider middlewares:
['scrapy.spidermiddlewares.httperror.HttpErrorMiddleware',
 'scrapy.spidermiddlewares.offsite.OffsiteMiddleware',
 'scrapy.spidermiddlewares.referer.RefererMiddleware',
 'scrapy.spidermiddlewares.urllength.UrlLengthMiddleware',
 'scrapy.spidermiddlewares.depth.DepthMiddleware']
2019-11-22 13:27:15 [scrapy.middleware] INFO: Enabled item pipelines:
['BaiduStock.pipelines.BaidustockInfoPipeline']
2019-11-22 13:27:15 [scrapy.core.engine] INFO: Spider opened
2019-11-22 13:27:15 [scrapy.extensions.logstats] INFO: Crawled 0 pages (at 0 pages/min), scraped 0 items (at 0 items/min)
2019-11-22 13:27:15 [scrapy.extensions.telnet] INFO: Telnet console listening on 127.0.0.1:6023
2019-11-22 13:27:23 [scrapy.core.scraper] ERROR: Spider error processing <GET https://gupiao.baidu.com/stock/sz300059.html> (referer: http://quote.eastmoney.com/center/gridlist.html)
Traceback (most recent call last):
  File "c:\users\怠惰的金枪小鱼干\appdata\local\programs\python\python36-32\lib\site-packages\scrapy\utils\defer.py", line 102, in iter_errback
    yield next(it)
  File "c:\users\怠惰的金枪小鱼干\appdata\local\programs\python\python36-32\lib\site-packages\scrapy\core\spidermw.py", line 84, in evaluate_iterable
    for r in iterable:
  File "c:\users\怠惰的金枪小鱼干\appdata\local\programs\python\python36-32\lib\site-packages\scrapy\spidermiddlewares\offsite.py", line 29, in process_spider_output
    for x in result:
  File "c:\users\怠惰的金枪小鱼干\appdata\local\programs\python\python36-32\lib\site-packages\scrapy\core\spidermw.py", line 84, in evaluate_iterable
    for r in iterable:
  File "c:\users\怠惰的金枪小鱼干\appdata\local\programs\python\python36-32\lib\site-packages\scrapy\spidermiddlewares\referer.py", line 339, in <genexpr>
    return (_set_referer(r) for r in result or ())
  File "c:\users\怠惰的金枪小鱼干\appdata\local\programs\python\python36-32\lib\site-packages\scrapy\core\spidermw.py", line 84, in evaluate_iterable
    for r in iterable:
  File "c:\users\怠惰的金枪小鱼干\appdata\local\programs\python\python36-32\lib\site-packages\scrapy\spidermiddlewares\urllength.py", line 37, in <genexpr>
    return (r for r in result or () if _filter(r))
  File "c:\users\怠惰的金枪小鱼干\appdata\local\programs\python\python36-32\lib\site-packages\scrapy\core\spidermw.py", line 84, in evaluate_iterable
    for r in iterable:
  File "c:\users\怠惰的金枪小鱼干\appdata\local\programs\python\python36-32\lib\site-packages\scrapy\spidermiddlewares\depth.py", line 58, in <genexpr>
    return (r for r in result or () if _filter(r))
  File "S:\pycharm_projects\Python_studying\code\web-spider\scrapy_projects\BaiduStock\BaiduStock\spiders\BaiduStockSpider.py", line 23, in parse_stock
    name = stockInfo.css('.bets-name').extrace()[0]  # 在该区域中进一步检索bets-name，并提取字符串
AttributeError: 'SelectorList' object has no attribute 'extrace'
2019-11-22 13:27:23 [scrapy.core.engine] INFO: Closing spider (finished)
2019-11-22 13:27:23 [scrapy.statscollectors] INFO: Dumping Scrapy stats:
{'downloader/request_bytes': 1486,
 'downloader/request_count': 6,
 'downloader/request_method_count/GET': 6,
 'downloader/response_bytes': 117494,
 'downloader/response_count': 6,
 'downloader/response_status_count/200': 4,
 'downloader/response_status_count/302': 1,
 'downloader/response_status_count/404': 1,
 'elapsed_time_seconds': 7.504019,
 'finish_reason': 'finished',
 'finish_time': datetime.datetime(2019, 11, 22, 5, 27, 23, 108956),
 'log_count/ERROR': 1,
 'log_count/INFO': 10,
 'request_depth_max': 1,
 'response_received_count': 4,
 'robotstxt/request_count': 2,
 'robotstxt/response_count': 2,
 'robotstxt/response_status_count/200': 2,
 'scheduler/dequeued': 3,
 'scheduler/dequeued/memory': 3,
 'scheduler/enqueued': 3,
 'scheduler/enqueued/memory': 3,
 'spider_exceptions/AttributeError': 1,
 'start_time': datetime.datetime(2019, 11, 22, 5, 27, 15, 604937)}
2019-11-22 13:27:23 [scrapy.core.engine] INFO: Spider closed (finished)
2019-11-22 13:38:22 [scrapy.utils.log] INFO: Scrapy 1.8.0 started (bot: BaiduStock)
2019-11-22 13:38:22 [scrapy.utils.log] INFO: Versions: lxml 4.4.1.0, libxml2 2.9.5, cssselect 1.1.0, parsel 1.5.2, w3lib 1.21.0, Twisted 19.10.0, Python 3.6.5 (v3.6.5:f59c0932b4, Mar 28 2018, 16:07:46) [MSC v.1900 32 bit (Intel)], pyOpenSSL 19.0.0 (OpenSSL 1.1.1d  10 Sep 2019), cryptography 2.8, Platform Windows-10-10.0.18362-SP0
